<?xml version="1.0" encoding="UTF-8"?>
<!-- Generated by org.testng.reporters.JUnitXMLReporter -->
<testsuite hostname="DESKTOP-U5K02UR" ignored="0" name="Default test" tests="6" failures="0" timestamp="24 May 2020 17:20:58 GMT" time="36.346" errors="0">
  <testcase name="changeLanguage" time="5.872" classname="com.komoot.tests.LanguageTest"/>
  <testcase name="changeLanguage" time="4.77" classname="com.komoot.tests.LanguageTest"/>
  <testcase name="changeLanguage" time="7.098" classname="com.komoot.tests.LanguageTest"/>
  <testcase name="changeLanguage" time="4.345" classname="com.komoot.tests.LanguageTest"/>
  <testcase name="changeLanguage" time="4.19" classname="com.komoot.tests.LanguageTest"/>
  <testcase name="changeLanguage" time="3.9" classname="com.komoot.tests.LanguageTest"/>
</testsuite> <!-- Default test -->
