<?xml version="1.0" encoding="UTF-8"?>
<!-- Generated by org.testng.reporters.JUnitXMLReporter -->
<testsuite hostname="DESKTOP-U5K02UR" ignored="0" name="Default test" tests="6" failures="0" timestamp="24 May 2020 14:31:53 GMT" time="33.345" errors="0">
  <testcase name="changeLanguage" time="3.135" classname="com.komoot.tests.LanguageTest"/>
  <testcase name="changeLanguage" time="5.571" classname="com.komoot.tests.LanguageTest"/>
  <testcase name="changeLanguage" time="6.399" classname="com.komoot.tests.LanguageTest"/>
  <testcase name="changeLanguage" time="4.328" classname="com.komoot.tests.LanguageTest"/>
  <testcase name="changeLanguage" time="4.149" classname="com.komoot.tests.LanguageTest"/>
  <testcase name="changeLanguage" time="3.758" classname="com.komoot.tests.LanguageTest"/>
</testsuite> <!-- Default test -->
