<?xml version="1.0" encoding="UTF-8"?>
<testng-results skipped="0" failed="0" ignored="0" total="2" passed="2">
  <reporter-output>
  </reporter-output>
  <suite name="Default suite" duration-ms="5002" started-at="2020-05-23T15:30:12Z" finished-at="2020-05-23T15:30:17Z">
    <groups>
    </groups>
    <test name="Default test" duration-ms="5002" started-at="2020-05-23T15:30:12Z" finished-at="2020-05-23T15:30:17Z">
      <class name="com.komoot.tests.LanguageTest">
        <test-method status="PASS" signature="setupClass()[pri:0, instance:com.komoot.tests.LanguageTest@4b44655e]" name="setupClass" is-config="true" duration-ms="6271" started-at="2020-05-23T15:30:05Z" finished-at="2020-05-23T15:30:12Z">
          <reporter-output>
          </reporter-output>
        </test-method> <!-- setupClass -->
        <test-method status="PASS" signature="setUpPages()[pri:0, instance:com.komoot.tests.LanguageTest@4b44655e]" name="setUpPages" is-config="true" duration-ms="22" started-at="2020-05-23T15:30:12Z" finished-at="2020-05-23T15:30:12Z">
          <reporter-output>
          </reporter-output>
        </test-method> <!-- setUpPages -->
        <test-method status="PASS" signature="changeLanguage(com.komoot.beans.Language)[pri:0, instance:com.komoot.tests.LanguageTest@4b44655e]" name="changeLanguage" duration-ms="3381" started-at="2020-05-23T15:30:12Z" data-provider="language_test_data_provider" finished-at="2020-05-23T15:30:15Z">
          <params>
            <param index="0">
              <value>
                <![CDATA[[languageValue:English, expectedTitle:Komoot | Better Planning and Navigation for Hikers and Bikers]]]>
              </value>
            </param>
          </params>
          <reporter-output>
          </reporter-output>
        </test-method> <!-- changeLanguage -->
        <test-method status="PASS" signature="changeLanguage(com.komoot.beans.Language)[pri:0, instance:com.komoot.tests.LanguageTest@4b44655e]" name="changeLanguage" duration-ms="1389" started-at="2020-05-23T15:30:15Z" data-provider="language_test_data_provider" finished-at="2020-05-23T15:30:17Z">
          <params>
            <param index="0">
              <value>
                <![CDATA[[languageValue:English, expectedTitle:Komoot | Better Planning and Navigation for Hikers and Bikers]]]>
              </value>
            </param>
          </params>
          <reporter-output>
          </reporter-output>
        </test-method> <!-- changeLanguage -->
        <test-method status="PASS" signature="tearDownClass()[pri:0, instance:com.komoot.tests.LanguageTest@4b44655e]" name="tearDownClass" is-config="true" duration-ms="744" started-at="2020-05-23T15:30:17Z" finished-at="2020-05-23T15:30:17Z">
          <reporter-output>
          </reporter-output>
        </test-method> <!-- tearDownClass -->
      </class> <!-- com.komoot.tests.LanguageTest -->
    </test> <!-- Default test -->
  </suite> <!-- Default suite -->
</testng-results>
